[2m2023-02-08 14:27:08.780[0;39m [32m INFO[0;39m [35m15800[0;39m [2m---[0;39m [2m[  restartedMain][0;39m [36mb.s.z.e.EshopApplication                [0;39m [2m:[0;39m Starting EshopApplication using Java 17.0.4.1 on DESKTOP-67C8B8M with PID 15800 (F:\HibernateSpring\Spring projects\eshop\build\classes\java\main started by HackerBy in F:\HibernateSpring\Spring projects\eshop)
[2m2023-02-08 14:27:08.799[0;39m [32m INFO[0;39m [35m15800[0;39m [2m---[0;39m [2m[  restartedMain][0;39m [36mb.s.z.e.EshopApplication                [0;39m [2m:[0;39m No active profile set, falling back to 1 default profile: "default"
[2m2023-02-08 14:27:08.915[0;39m [32m INFO[0;39m [35m15800[0;39m [2m---[0;39m [2m[  restartedMain][0;39m [36m.e.DevToolsPropertyDefaultsPostProcessor[0;39m [2m:[0;39m Devtools property defaults active! Set 'spring.devtools.add-properties' to 'false' to disable
[2m2023-02-08 14:27:08.916[0;39m [32m INFO[0;39m [35m15800[0;39m [2m---[0;39m [2m[  restartedMain][0;39m [36m.e.DevToolsPropertyDefaultsPostProcessor[0;39m [2m:[0;39m For additional web related logging consider setting the 'logging.level.web' property to 'DEBUG'
[2m2023-02-08 14:27:10.542[0;39m [32m INFO[0;39m [35m15800[0;39m [2m---[0;39m [2m[  restartedMain][0;39m [36m.s.d.r.c.RepositoryConfigurationDelegate[0;39m [2m:[0;39m Bootstrapping Spring Data JPA repositories in DEFAULT mode.
[2m2023-02-08 14:27:11.309[0;39m [32m INFO[0;39m [35m15800[0;39m [2m---[0;39m [2m[  restartedMain][0;39m [36m.s.d.r.c.RepositoryConfigurationDelegate[0;39m [2m:[0;39m Finished Spring Data repository scanning in 740 ms. Found 11 JPA repository interfaces.
[2m2023-02-08 14:27:13.219[0;39m [32m INFO[0;39m [35m15800[0;39m [2m---[0;39m [2m[  restartedMain][0;39m [36mo.s.b.w.e.t.TomcatWebServer             [0;39m [2m:[0;39m Tomcat initialized with port(s): 8080 (http)
[2m2023-02-08 14:27:13.258[0;39m [32m INFO[0;39m [35m15800[0;39m [2m---[0;39m [2m[  restartedMain][0;39m [36mo.a.c.h.Http11NioProtocol               [0;39m [2m:[0;39m Initializing ProtocolHandler ["http-nio-8080"]
[2m2023-02-08 14:27:13.261[0;39m [32m INFO[0;39m [35m15800[0;39m [2m---[0;39m [2m[  restartedMain][0;39m [36mo.a.c.c.StandardService                 [0;39m [2m:[0;39m Starting service [Tomcat]
[2m2023-02-08 14:27:13.262[0;39m [32m INFO[0;39m [35m15800[0;39m [2m---[0;39m [2m[  restartedMain][0;39m [36mo.a.c.c.StandardEngine                  [0;39m [2m:[0;39m Starting Servlet engine: [Apache Tomcat/9.0.65]
[2m2023-02-08 14:27:13.494[0;39m [32m INFO[0;39m [35m15800[0;39m [2m---[0;39m [2m[  restartedMain][0;39m [36mo.a.c.c.C.[.[.[/]                       [0;39m [2m:[0;39m Initializing Spring embedded WebApplicationContext
[2m2023-02-08 14:27:13.495[0;39m [32m INFO[0;39m [35m15800[0;39m [2m---[0;39m [2m[  restartedMain][0;39m [36mw.s.c.ServletWebServerApplicationContext[0;39m [2m:[0;39m Root WebApplicationContext: initialization completed in 4578 ms
[2m2023-02-08 14:27:13.950[0;39m [32m INFO[0;39m [35m15800[0;39m [2m---[0;39m [2m[  restartedMain][0;39m [36mo.h.j.i.u.LogHelper                     [0;39m [2m:[0;39m HHH000204: Processing PersistenceUnitInfo [name: default]
[2m2023-02-08 14:27:14.051[0;39m [32m INFO[0;39m [35m15800[0;39m [2m---[0;39m [2m[  restartedMain][0;39m [36mo.h.Version                             [0;39m [2m:[0;39m HHH000412: Hibernate ORM core version 5.6.11.Final
[2m2023-02-08 14:27:14.352[0;39m [32m INFO[0;39m [35m15800[0;39m [2m---[0;39m [2m[  restartedMain][0;39m [36mo.h.a.c.Version                         [0;39m [2m:[0;39m HCANN000001: Hibernate Commons Annotations {5.1.2.Final}
[2m2023-02-08 14:27:14.591[0;39m [32m INFO[0;39m [35m15800[0;39m [2m---[0;39m [2m[  restartedMain][0;39m [36mc.z.h.HikariDataSource                  [0;39m [2m:[0;39m HikariPool-1 - Starting...
[2m2023-02-08 14:27:15.302[0;39m [32m INFO[0;39m [35m15800[0;39m [2m---[0;39m [2m[  restartedMain][0;39m [36mc.z.h.HikariDataSource                  [0;39m [2m:[0;39m HikariPool-1 - Start completed.
[2m2023-02-08 14:27:15.331[0;39m [32m INFO[0;39m [35m15800[0;39m [2m---[0;39m [2m[  restartedMain][0;39m [36mo.h.d.Dialect                           [0;39m [2m:[0;39m HHH000400: Using dialect: org.hibernate.dialect.MySQL5InnoDBDialect
[2m2023-02-08 14:27:17.306[0;39m [32m INFO[0;39m [35m15800[0;39m [2m---[0;39m [2m[  restartedMain][0;39m [36mo.h.e.t.j.p.i.JtaPlatformInitiator      [0;39m [2m:[0;39m HHH000490: Using JtaPlatform implementation: [org.hibernate.engine.transaction.jta.platform.internal.NoJtaPlatform]
[2m2023-02-08 14:27:17.321[0;39m [32m INFO[0;39m [35m15800[0;39m [2m---[0;39m [2m[  restartedMain][0;39m [36mj.LocalContainerEntityManagerFactoryBean[0;39m [2m:[0;39m Initialized JPA EntityManagerFactory for persistence unit 'default'
[2m2023-02-08 14:27:19.298[0;39m [32m INFO[0;39m [35m15800[0;39m [2m---[0;39m [2m[  restartedMain][0;39m [36mo.s.s.w.DefaultSecurityFilterChain      [0;39m [2m:[0;39m Will secure any request with [org.springframework.security.web.session.DisableEncodeUrlFilter@5b5f829e, org.springframework.security.web.context.request.async.WebAsyncManagerIntegrationFilter@78fc62d8, org.springframework.security.web.context.SecurityContextPersistenceFilter@4c2b1523, org.springframework.security.web.header.HeaderWriterFilter@38d1bbbc, org.springframework.security.web.authentication.logout.LogoutFilter@5dfb7320, org.springframework.security.web.authentication.UsernamePasswordAuthenticationFilter@51db301c, org.springframework.security.web.authentication.www.BasicAuthenticationFilter@16d09021, org.springframework.security.web.savedrequest.RequestCacheAwareFilter@7bcdbf0b, org.springframework.security.web.servletapi.SecurityContextHolderAwareRequestFilter@52dd9520, org.springframework.security.web.authentication.AnonymousAuthenticationFilter@6a3fb47e, org.springframework.security.web.session.SessionManagementFilter@68cf433, org.springframework.security.web.access.ExceptionTranslationFilter@5e79d6a0, org.springframework.security.web.access.intercept.FilterSecurityInterceptor@6caac105]
[2m2023-02-08 14:27:19.397[0;39m [33m WARN[0;39m [35m15800[0;39m [2m---[0;39m [2m[  restartedMain][0;39m [36mJpaBaseConfiguration$JpaWebConfiguration[0;39m [2m:[0;39m spring.jpa.open-in-view is enabled by default. Therefore, database queries may be performed during view rendering. Explicitly configure spring.jpa.open-in-view to disable this warning
[2m2023-02-08 14:27:19.731[0;39m [32m INFO[0;39m [35m15800[0;39m [2m---[0;39m [2m[  restartedMain][0;39m [36mo.s.b.a.w.s.WelcomePageHandlerMapping   [0;39m [2m:[0;39m Adding welcome page template: index
[2m2023-02-08 14:27:20.194[0;39m [32m INFO[0;39m [35m15800[0;39m [2m---[0;39m [2m[  restartedMain][0;39m [36mo.s.b.d.a.OptionalLiveReloadServer      [0;39m [2m:[0;39m LiveReload server is running on port 35729
[2m2023-02-08 14:27:20.256[0;39m [32m INFO[0;39m [35m15800[0;39m [2m---[0;39m [2m[  restartedMain][0;39m [36mo.a.c.h.Http11NioProtocol               [0;39m [2m:[0;39m Starting ProtocolHandler ["http-nio-8080"]
[2m2023-02-08 14:27:20.293[0;39m [32m INFO[0;39m [35m15800[0;39m [2m---[0;39m [2m[  restartedMain][0;39m [36mo.s.b.w.e.t.TomcatWebServer             [0;39m [2m:[0;39m Tomcat started on port(s): 8080 (http) with context path ''
[2m2023-02-08 14:27:20.320[0;39m [32m INFO[0;39m [35m15800[0;39m [2m---[0;39m [2m[  restartedMain][0;39m [36mb.s.z.e.EshopApplication                [0;39m [2m:[0;39m Started EshopApplication in 12.291 seconds (JVM running for 15.102)
[2m2023-02-08 14:27:20.461[0;39m [32m INFO[0;39m [35m15800[0;39m [2m---[0;39m [2m[nio-8080-exec-1][0;39m [36mo.a.c.c.C.[.[.[/]                       [0;39m [2m:[0;39m Initializing Spring DispatcherServlet 'dispatcherServlet'
[2m2023-02-08 14:27:20.462[0;39m [32m INFO[0;39m [35m15800[0;39m [2m---[0;39m [2m[nio-8080-exec-1][0;39m [36mo.s.w.s.DispatcherServlet               [0;39m [2m:[0;39m Initializing Servlet 'dispatcherServlet'
[2m2023-02-08 14:27:20.465[0;39m [32m INFO[0;39m [35m15800[0;39m [2m---[0;39m [2m[nio-8080-exec-1][0;39m [36mo.s.w.s.DispatcherServlet               [0;39m [2m:[0;39m Completed initialization in 2 ms
